<?xml version="1.0" encoding="UTF-8"?>
<!-- Generated by org.testng.reporters.JUnitXMLReporter -->
<testsuite hostname="DESKTOP-E3KURR6" failures="0" tests="5" name="Default test" time="86.636" errors="0" timestamp="19 Mar 2021 11:55:43 GMT">
  <testcase classname="testScripts.AmazonApp" name="launchApp" time="4.569"/>
  <testcase classname="testScripts.AmazonApp" name="verifyHamburgerClick" time="2.231"/>
  <testcase classname="testScripts.AmazonApp" name="clickOnSettings" time="14.011"/>
  <testcase classname="testScripts.AmazonApp" name="verifyCountryList" time="21.366"/>
  <testcase classname="testScripts.AmazonApp" name="changeCountry" time="21.572"/>
</testsuite> <!-- Default test -->
